Determining if the pthread_create exist failed with the following output:
Change Dir: /home/liuqiang/Documents/My_Repositories/PCL_Tutorials/build-qt_visualizer-Desktop-Default/CMakeFiles/CMakeTmp

Run Build Command:"/usr/bin/make" "cmTC_f871e/fast"
/usr/bin/make -f CMakeFiles/cmTC_f871e.dir/build.make CMakeFiles/cmTC_f871e.dir/build
make[1]: Entering directory '/home/liuqiang/Documents/My_Repositories/PCL_Tutorials/build-qt_visualizer-Desktop-Default/CMakeFiles/CMakeTmp'
Building C object CMakeFiles/cmTC_f871e.dir/CheckSymbolExists.c.o
/usr/bin/gcc     -o CMakeFiles/cmTC_f871e.dir/CheckSymbolExists.c.o   -c /home/liuqiang/Documents/My_Repositories/PCL_Tutorials/build-qt_visualizer-Desktop-Default/CMakeFiles/CMakeTmp/CheckSymbolExists.c
Linking C executable cmTC_f871e
/usr/bin/cmake -E cmake_link_script CMakeFiles/cmTC_f871e.dir/link.txt --verbose=1
/usr/bin/gcc       CMakeFiles/cmTC_f871e.dir/CheckSymbolExists.c.o  -o cmTC_f871e -rdynamic 
CMakeFiles/cmTC_f871e.dir/CheckSymbolExists.c.o: In function `main':
CheckSymbolExists.c:(.text+0x16): undefined reference to `pthread_create'
collect2: error: ld returned 1 exit status
CMakeFiles/cmTC_f871e.dir/build.make:97: recipe for target 'cmTC_f871e' failed
make[1]: *** [cmTC_f871e] Error 1
make[1]: Leaving directory '/home/liuqiang/Documents/My_Repositories/PCL_Tutorials/build-qt_visualizer-Desktop-Default/CMakeFiles/CMakeTmp'
Makefile:126: recipe for target 'cmTC_f871e/fast' failed
make: *** [cmTC_f871e/fast] Error 2

File /home/liuqiang/Documents/My_Repositories/PCL_Tutorials/build-qt_visualizer-Desktop-Default/CMakeFiles/CMakeTmp/CheckSymbolExists.c:
/* */
#include <pthread.h>

int main(int argc, char** argv)
{
  (void)argv;
#ifndef pthread_create
  return ((int*)(&pthread_create))[argc];
#else
  (void)argc;
  return 0;
#endif
}

Determining if the function pthread_create exists in the pthreads failed with the following output:
Change Dir: /home/liuqiang/Documents/My_Repositories/PCL_Tutorials/build-qt_visualizer-Desktop-Default/CMakeFiles/CMakeTmp

Run Build Command:"/usr/bin/make" "cmTC_8c62c/fast"
/usr/bin/make -f CMakeFiles/cmTC_8c62c.dir/build.make CMakeFiles/cmTC_8c62c.dir/build
make[1]: Entering directory '/home/liuqiang/Documents/My_Repositories/PCL_Tutorials/build-qt_visualizer-Desktop-Default/CMakeFiles/CMakeTmp'
Building C object CMakeFiles/cmTC_8c62c.dir/CheckFunctionExists.c.o
/usr/bin/gcc    -DCHECK_FUNCTION_EXISTS=pthread_create   -o CMakeFiles/cmTC_8c62c.dir/CheckFunctionExists.c.o   -c /usr/share/cmake-3.5/Modules/CheckFunctionExists.c
Linking C executable cmTC_8c62c
/usr/bin/cmake -E cmake_link_script CMakeFiles/cmTC_8c62c.dir/link.txt --verbose=1
/usr/bin/gcc   -DCHECK_FUNCTION_EXISTS=pthread_create    CMakeFiles/cmTC_8c62c.dir/CheckFunctionExists.c.o  -o cmTC_8c62c -rdynamic -lpthreads 
/usr/bin/ld: cannot find -lpthreads
collect2: error: ld returned 1 exit status
CMakeFiles/cmTC_8c62c.dir/build.make:97: recipe for target 'cmTC_8c62c' failed
make[1]: *** [cmTC_8c62c] Error 1
make[1]: Leaving directory '/home/liuqiang/Documents/My_Repositories/PCL_Tutorials/build-qt_visualizer-Desktop-Default/CMakeFiles/CMakeTmp'
Makefile:126: recipe for target 'cmTC_8c62c/fast' failed
make: *** [cmTC_8c62c/fast] Error 2


